<?xml version="1.0" encoding="UTF-8"?>
<!-- Generated by org.testng.reporters.JUnitReportReporter -->
<testsuite hostname="Vince-Thinkpad" failures="0" tests="2" name="testngFiles2.Annotations" time="0.002" errors="0" timestamp="21 Mar 2018 13:52:55 GMT" skipped="0">
  <testcase classname="testngFiles2.Annotations" name="TestCase1" time="0.001"/>
  <testcase classname="testngFiles2.Annotations" name="TestCase2" time="0.001"/>
</testsuite> <!-- testngFiles2.Annotations -->
