<?xml version="1.0" encoding="UTF-8"?>
<!-- Generated by org.testng.reporters.JUnitReportReporter -->
<testsuite hostname="Vince-Thinkpad" failures="0" tests="1" name="AnotherBrowser.ProfileTest" time="0.010" errors="0" timestamp="10 Apr 2018 22:24:23 GMT" skipped="0">
  <testcase classname="AnotherBrowser.ProfileTest" name="profiletest" time="0.010"/>
</testsuite> <!-- AnotherBrowser.ProfileTest -->
