<?xml version="1.0" encoding="UTF-8"?>
<!-- Generated by org.testng.reporters.JUnitReportReporter -->
<testsuite hostname="Vince-Thinkpad" failures="0" tests="1" name="Framework.AppTest" time="10.702" errors="0" timestamp="29 Mar 2018 02:18:00 GMT" skipped="0">
  <testcase classname="Framework.AppTest" name="test" time="10.702"/>
</testsuite> <!-- Framework.AppTest -->
